[      39ms] [WARNING] Alpine Expression Error: Evaluating a string as JavaScript violates the following Content Security Policy directive because 'unsafe-eval' is not an allowed source of script: script-src 'self' 'unsafe-inline'".


Expression: "{ msg: 'ALPINE_OK', n: 1 }"

 JSHandle@node @ http://localhost:8099/alpine.min.js:0
[      39ms] [WARNING] Alpine Expression Error: Evaluating a string as JavaScript violates the following Content Security Policy directive because 'unsafe-eval' is not an allowed source of script: script-src 'self' 'unsafe-inline'".


Expression: "msg + '-' + n"

 JSHandle@node @ http://localhost:8099/alpine.min.js:0
[      40ms] [WARNING] Alpine Expression Error: Evaluating a string as JavaScript violates the following Content Security Policy directive because 'unsafe-eval' is not an allowed source of script: script-src 'self' 'unsafe-inline'".


Expression: "n++"

 JSHandle@node @ http://localhost:8099/alpine.min.js:0
[      45ms] EvalError: Evaluating a string as JavaScript violates the following Content Security Policy directive because 'unsafe-eval' is not an allowed source of script: script-src 'self' 'unsafe-inline'".

    at new AsyncFunction (<anonymous>)
    at http://localhost:8099/alpine.min.js:5:665
    at kn (http://localhost:8099/alpine.min.js:5:889)
    at Ln (http://localhost:8099/alpine.min.js:5:934)
    at gt (http://localhost:8099/alpine.min.js:5:302)
    at x (http://localhost:8099/alpine.min.js:5:180)
    at M (http://localhost:8099/alpine.min.js:5:137)
    at Function.<anonymous> (http://localhost:8099/alpine.min.js:5:34008)
    at r (http://localhost:8099/alpine.min.js:5:2323)
    at n (http://localhost:8099/alpine.min.js:5:2353)
[      45ms] EvalError: Evaluating a string as JavaScript violates the following Content Security Policy directive because 'unsafe-eval' is not an allowed source of script: script-src 'self' 'unsafe-inline'".

    at new AsyncFunction (<anonymous>)
    at http://localhost:8099/alpine.min.js:5:665
    at kn (http://localhost:8099/alpine.min.js:5:889)
    at Ln (http://localhost:8099/alpine.min.js:5:934)
    at gt (http://localhost:8099/alpine.min.js:5:302)
    at x (http://localhost:8099/alpine.min.js:5:180)
    at Function.<anonymous> (http://localhost:8099/alpine.min.js:5:32974)
    at r (http://localhost:8099/alpine.min.js:5:2323)
    at n (http://localhost:8099/alpine.min.js:5:2353)
    at lr (http://localhost:8099/alpine.min.js:5:2363)
[      45ms] EvalError: Evaluating a string as JavaScript violates the following Content Security Policy directive because 'unsafe-eval' is not an allowed source of script: script-src 'self' 'unsafe-inline'".

    at new AsyncFunction (<anonymous>)
    at http://localhost:8099/alpine.min.js:5:665
    at kn (http://localhost:8099/alpine.min.js:5:889)
    at Ln (http://localhost:8099/alpine.min.js:5:934)
    at gt (http://localhost:8099/alpine.min.js:5:302)
    at x (http://localhost:8099/alpine.min.js:5:180)
    at http://localhost:8099/alpine.min.js:5:38722
    at Function.<anonymous> (http://localhost:8099/alpine.min.js:5:11570)
    at r (http://localhost:8099/alpine.min.js:5:2323)
    at n (http://localhost:8099/alpine.min.js:5:2353)
[      52ms] [ERROR] Failed to load resource: the server responded with a status of 404 (Not Found) @ http://localhost:8099/favicon.ico:0
